<?xml version="1.0" encoding="UTF-8"?>
<testsuite xmlns:xsi="http://www.w3.org/2001/XMLSchema-instance" xsi:noNamespaceSchemaLocation="https://maven.apache.org/surefire/maven-surefire-plugin/xsd/surefire-test-report.xsd" name="com.nnk.springboot.UserLoginControllerTests" time="11.801" tests="7" errors="0" skipped="0" failures="0">
  <properties>
[...]
</properties>
  <testcase name="testUpdateUserWithHasError" classname="com.nnk.springboot.UserLoginControllerTests" time="0.749"/>
  <testcase name="testValidateWithHasError" classname="com.nnk.springboot.UserLoginControllerTests" time="0.021"/>
  <testcase name="testHome" classname="com.nnk.springboot.UserLoginControllerTests" time="0.039"/>
  <testcase name="testUpdateUser" classname="com.nnk.springboot.UserLoginControllerTests" time="0.117"/>
  <testcase name="testValidate" classname="com.nnk.springboot.UserLoginControllerTests" time="0.11"/>
  <testcase name="testShowUpdateForm" classname="com.nnk.springboot.UserLoginControllerTests" time="0.026"/>
  <testcase name="testDeleteUser" classname="com.nnk.springboot.UserLoginControllerTests" time="0.018"/>
</testsuite>