<?xml version="1.0" encoding="UTF-8"?>
<testsuite xmlns:xsi="http://www.w3.org/2001/XMLSchema-instance" xsi:noNamespaceSchemaLocation="https://maven.apache.org/surefire/maven-surefire-plugin/xsd/surefire-test-report.xsd" name="com.nnk.springboot.service.impl.BidListServiceImplTest" time="1.17" tests="8" errors="0" skipped="0" failures="0">
  <properties>
[...]
</properties>
  <testcase name="updateBidListTest_ShouldThrowException" classname="com.nnk.springboot.service.impl.BidListServiceImplTest" time="1.116"/>
  <testcase name="findByIdBidListTest_ShouldThrowException" classname="com.nnk.springboot.service.impl.BidListServiceImplTest" time="0.011"/>
  <testcase name="saveBidListTest" classname="com.nnk.springboot.service.impl.BidListServiceImplTest" time="0.006"/>
  <testcase name="findAll" classname="com.nnk.springboot.service.impl.BidListServiceImplTest" time="0.001"/>
  <testcase name="findByIdBidListTest" classname="com.nnk.springboot.service.impl.BidListServiceImplTest" time="0.001"/>
  <testcase name="updateBidListTest" classname="com.nnk.springboot.service.impl.BidListServiceImplTest" time="0.002"/>
  <testcase name="deleteBidListTest_ShouldThrowException" classname="com.nnk.springboot.service.impl.BidListServiceImplTest" time="0.003"/>
  <testcase name="deleteBidListTest" classname="com.nnk.springboot.service.impl.BidListServiceImplTest" time="0.009"/>
</testsuite>