<?xml version="1.0" encoding="UTF-8"?>
<testsuite xmlns:xsi="http://www.w3.org/2001/XMLSchema-instance" xsi:noNamespaceSchemaLocation="https://maven.apache.org/surefire/maven-surefire-plugin/xsd/surefire-test-report.xsd" name="com.nnk.springboot.UserControllerTests" time="0.967" tests="7" errors="0" skipped="0" failures="0">
  <properties>
[...]
</properties>
  <testcase name="testUpdateUserWithHasError" classname="com.nnk.springboot.UserControllerTests" time="0.043"/>
  <testcase name="testValidateWithHasError" classname="com.nnk.springboot.UserControllerTests" time="0.014"/>
  <testcase name="testHome" classname="com.nnk.springboot.UserControllerTests" time="0.01"/>
  <testcase name="testUpdateUser" classname="com.nnk.springboot.UserControllerTests" time="0.104"/>
  <testcase name="testValidate" classname="com.nnk.springboot.UserControllerTests" time="0.078"/>
  <testcase name="testShowUpdateForm" classname="com.nnk.springboot.UserControllerTests" time="0.006"/>
  <testcase name="testDeleteUser" classname="com.nnk.springboot.UserControllerTests" time="0.004"/>
</testsuite>