<?xml version="1.0" encoding="UTF-8"?>
<testsuite xmlns:xsi="http://www.w3.org/2001/XMLSchema-instance" xsi:noNamespaceSchemaLocation="https://maven.apache.org/surefire/maven-surefire-plugin/xsd/surefire-test-report.xsd" name="com.nnk.springboot.RatingControllerTests" time="1.722" tests="7" errors="0" skipped="0" failures="4">
  <properties>
[...]
</properties>
  <testcase name="testValidateWithHasError" classname="com.nnk.springboot.RatingControllerTests" time="0.195">
    <failure message="Status expected:&lt;400&gt; but was:&lt;302&gt;" type="java.lang.AssertionError"><![CDATA[java.lang.AssertionError: Status expected:<400> but was:<302>
	at com.nnk.springboot.RatingControllerTests.testValidateWithHasError(RatingControllerTests.java:76)
]]></failure>
    <system-out><![CDATA[2023-07-27 19:09:21 [main] INFO  o.s.t.c.s.AnnotationConfigContextLoaderUtils       - Could not detect default configuration classes for test class [com.nnk.springboot.RatingControllerTests]: RatingControllerTests does not declare any static, non-private, non-final, nested classes annotated with @Configuration.
2023-07-27 19:09:21 [main] INFO  o.s.b.t.c.SpringBootTestContextBootstrapper        - Found @SpringBootConfiguration com.nnk.springboot.Application for test class com.nnk.springboot.RatingControllerTests

  .   ____          _            __ _ _
 /\\ / ___'_ __ _ _(_)_ __  __ _ \ \ \ \
( ( )\___ | '_ | '_| | '_ \/ _` | \ \ \ \
 \\/  ___)| |_)| | | | | || (_| |  ) ) ) )
  '  |____| .__|_| |_|_| |_\__, | / / / /
 =========|_|==============|___/=/_/_/_/
 :: Spring Boot ::                (v3.0.6)

2023-07-27 19:09:21 [main] INFO  c.n.s.RatingControllerTests                        - Starting RatingControllerTests using Java 17.0.3.1 with PID 7460 (started by kls_k in c:\Users\kls_k\OneDrive\Claudiu - hors connexion\WorkJavaVisualCode\CompletBackend\JavaDA_PROJECT7_RESTAPI\Poseiden-skeleton)
2023-07-27 19:09:21 [main] INFO  c.n.s.RatingControllerTests                        - No active profile set, falling back to 1 default profile: "default"
2023-07-27 19:09:22 [main] INFO  o.s.d.r.c.RepositoryConfigurationDelegate          - Bootstrapping Spring Data JPA repositories in DEFAULT mode.
2023-07-27 19:09:22 [main] INFO  o.s.d.r.c.RepositoryConfigurationDelegate          - Finished Spring Data repository scanning in 20 ms. Found 6 JPA repository interfaces.
2023-07-27 19:09:22 [main] INFO  c.z.h.HikariDataSource                             - HikariPool-3 - Starting...
2023-07-27 19:09:22 [main] INFO  c.z.h.p.HikariPool                                 - HikariPool-3 - Added connection com.mysql.cj.jdbc.ConnectionImpl@37933dc4
2023-07-27 19:09:22 [main] INFO  c.z.h.HikariDataSource                             - HikariPool-3 - Start completed.
2023-07-27 19:09:22 [main] INFO  o.h.j.i.u.LogHelper                                - HHH000204: Processing PersistenceUnitInfo [name: default]
2023-07-27 19:09:22 [main] INFO  SQL dialect                                        - HHH000400: Using dialect: org.hibernate.dialect.MySQLDialect
2023-07-27 19:09:22 [main] INFO  o.h.e.t.j.p.i.JtaPlatformInitiator                 - HHH000490: Using JtaPlatform implementation: [org.hibernate.engine.transaction.jta.platform.internal.NoJtaPlatform]
2023-07-27 19:09:22 [main] INFO  o.s.o.j.LocalContainerEntityManagerFactoryBean     - Initialized JPA EntityManagerFactory for persistence unit 'default'
2023-07-27 19:09:22 [main] WARN  o.s.b.a.o.j.JpaBaseConfiguration$JpaWebConfiguration - spring.jpa.open-in-view is enabled by default. Therefore, database queries may be performed during view rendering. Explicitly configure spring.jpa.open-in-view to disable this warning
2023-07-27 19:09:23 [main] INFO  o.s.s.w.DefaultSecurityFilterChain                 - Will secure any request with [org.springframework.security.web.session.DisableEncodeUrlFilter@544d2f2c, org.springframework.security.web.context.request.async.WebAsyncManagerIntegrationFilter@6d586a9d, org.springframework.security.web.context.SecurityContextHolderFilter@1da748f8, org.springframework.security.web.header.HeaderWriterFilter@5bf8cc88, org.springframework.security.web.csrf.CsrfFilter@71afa383, org.springframework.security.web.authentication.logout.LogoutFilter@7ba24428, org.springframework.security.web.authentication.UsernamePasswordAuthenticationFilter@3da7afb4, org.springframework.security.web.savedrequest.RequestCacheAwareFilter@11185374, org.springframework.security.web.servletapi.SecurityContextHolderAwareRequestFilter@41643fec, org.springframework.security.web.authentication.AnonymousAuthenticationFilter@6a05679a, org.springframework.security.web.access.ExceptionTranslationFilter@8fb1ae9, org.springframework.security.web.access.intercept.AuthorizationFilter@4809fa66]
2023-07-27 19:09:23 [main] INFO  o.s.b.t.m.w.SpringBootMockServletContext           - Initializing Spring TestDispatcherServlet ''
2023-07-27 19:09:23 [main] INFO  o.s.t.w.s.TestDispatcherServlet                    - Initializing Servlet ''
2023-07-27 19:09:23 [main] INFO  o.s.t.w.s.TestDispatcherServlet                    - Completed initialization in 1 ms
2023-07-27 19:09:23 [main] INFO  c.n.s.RatingControllerTests                        - Started RatingControllerTests in 1.465 seconds (process running for 18.12)
2023-07-27 19:09:23 [main] INFO  o.s.b.t.m.w.SpringBootMockServletContext           - Initializing Spring TestDispatcherServlet ''
2023-07-27 19:09:23 [main] INFO  o.s.t.w.s.TestDispatcherServlet                    - Initializing Servlet ''
2023-07-27 19:09:23 [main] INFO  o.s.t.w.s.TestDispatcherServlet                    - Completed initialization in 1 ms

MockHttpServletRequest:
      HTTP Method = POST
      Request URI = /rating/validate
       Parameters = {orderNumber=[string], _csrf=[rvAB-Y1_U5udg7zc3jkfA_2E6QKF47L-VN7wMrDE8q8961FslsVgy-wdYvmwu4q67RQrZ5mwxDqz0IXTMuaVVIjyy8oF3jAN]}
          Headers = []
             Body = <no character encoding set>
    Session Attrs = {}

Handler:
             Type = null

Async:
    Async started = false
     Async result = null

Resolved Exception:
             Type = null

ModelAndView:
        View name = null
             View = null
            Model = null

FlashMap:
       Attributes = null

MockHttpServletResponse:
           Status = 302
    Error message = null
          Headers = [X-Content-Type-Options:"nosniff", X-XSS-Protection:"0", Cache-Control:"no-cache, no-store, max-age=0, must-revalidate", Pragma:"no-cache", Expires:"0", X-Frame-Options:"DENY", Location:"http://localhost/app/login"]
     Content type = null
             Body = 
    Forwarded URL = null
   Redirected URL = http://localhost/app/login
          Cookies = []
]]></system-out>
  </testcase>
  <testcase name="testHome" classname="com.nnk.springboot.RatingControllerTests" time="0">
    <failure message="Status expected:&lt;200&gt; but was:&lt;302&gt;" type="java.lang.AssertionError"><![CDATA[java.lang.AssertionError: Status expected:<200> but was:<302>
	at com.nnk.springboot.RatingControllerTests.testHome(RatingControllerTests.java:53)
]]></failure>
    <system-out><![CDATA[2023-07-27 19:09:23 [main] INFO  o.s.b.t.m.w.SpringBootMockServletContext           - Initializing Spring TestDispatcherServlet ''
2023-07-27 19:09:23 [main] INFO  o.s.t.w.s.TestDispatcherServlet                    - Initializing Servlet ''
2023-07-27 19:09:23 [main] INFO  o.s.t.w.s.TestDispatcherServlet                    - Completed initialization in 1 ms
]]></system-out>
  </testcase>
  <testcase name="testValidate" classname="com.nnk.springboot.RatingControllerTests" time="0.008"/>
  <testcase name="testUpdateRating" classname="com.nnk.springboot.RatingControllerTests" time="0.018"/>
  <testcase name="testShowUpdateForm" classname="com.nnk.springboot.RatingControllerTests" time="0.007">
    <failure message="Status expected:&lt;200&gt; but was:&lt;302&gt;" type="java.lang.AssertionError"><![CDATA[java.lang.AssertionError: Status expected:<200> but was:<302>
	at com.nnk.springboot.RatingControllerTests.testShowUpdateForm(RatingControllerTests.java:90)
]]></failure>
    <system-out><![CDATA[2023-07-27 19:09:23 [main] INFO  o.s.b.t.m.w.SpringBootMockServletContext           - Initializing Spring TestDispatcherServlet ''
2023-07-27 19:09:23 [main] INFO  o.s.t.w.s.TestDispatcherServlet                    - Initializing Servlet ''
2023-07-27 19:09:23 [main] INFO  o.s.t.w.s.TestDispatcherServlet                    - Completed initialization in 0 ms
]]></system-out>
  </testcase>
  <testcase name="testDeleteRating" classname="com.nnk.springboot.RatingControllerTests" time="0.067"/>
  <testcase name="testUpdateRatingWithHasError" classname="com.nnk.springboot.RatingControllerTests" time="0.021">
    <failure message="Status expected:&lt;400&gt; but was:&lt;302&gt;" type="java.lang.AssertionError"><![CDATA[java.lang.AssertionError: Status expected:<400> but was:<302>
	at com.nnk.springboot.RatingControllerTests.testUpdateRatingWithHasError(RatingControllerTests.java:117)
]]></failure>
    <system-out><![CDATA[2023-07-27 19:09:23 [main] INFO  o.s.b.t.m.w.SpringBootMockServletContext           - Initializing Spring TestDispatcherServlet ''
2023-07-27 19:09:23 [main] INFO  o.s.t.w.s.TestDispatcherServlet                    - Initializing Servlet ''
2023-07-27 19:09:23 [main] INFO  o.s.t.w.s.TestDispatcherServlet                    - Completed initialization in 1 ms

MockHttpServletRequest:
      HTTP Method = POST
      Request URI = /rating/update/1
       Parameters = {moodysRating=[moodysRating], sandPRating=[sandPRating], fitchRating=[fitchRating], orderNumber=[orderNumber], _csrf=[wctDtJqIC3JPgNu8pNqAT2pWaLkrmm3waQuPVqrQFOrfKnAg9Klw0Pjsb0Jit-7dlfe0eVMyRdgdrgzdUDvpYMy0J9O-SRES]}
          Headers = []
             Body = <no character encoding set>
    Session Attrs = {}

Handler:
             Type = null

Async:
    Async started = false
     Async result = null

Resolved Exception:
             Type = null

ModelAndView:
        View name = null
             View = null
            Model = null

FlashMap:
       Attributes = null

MockHttpServletResponse:
           Status = 302
    Error message = null
          Headers = [X-Content-Type-Options:"nosniff", X-XSS-Protection:"0", Cache-Control:"no-cache, no-store, max-age=0, must-revalidate", Pragma:"no-cache", Expires:"0", X-Frame-Options:"DENY", Location:"http://localhost/app/login"]
     Content type = null
             Body = 
    Forwarded URL = null
   Redirected URL = http://localhost/app/login
          Cookies = []
]]></system-out>
  </testcase>
</testsuite>